#
# There is insufficient memory for the Java Runtime Environment to continue.
# Native memory allocation (malloc) failed to allocate 1048576 bytes for AllocateHeap
# Possible reasons:
#   The system is out of physical RAM or swap space
#   In 32 bit mode, the process size limit was hit
# Possible solutions:
#   Reduce memory load on the system
#   Increase physical memory or swap space
#   Check if swap backing store is full
#   Use 64 bit Java on a 64 bit OS
#   Decrease Java heap size (-Xmx/-Xms)
#   Decrease number of Java threads
#   Decrease Java thread stack sizes (-Xss)
#   Set larger code cache with -XX:ReservedCodeCacheSize=
# This output file may be truncated or incomplete.
#
#  Out of Memory Error (memory/allocation.inline.hpp:61), pid=16728, tid=0x0000000000004704
#
# JRE version:  (8.0_111-b14) (build )
# Java VM: Java HotSpot(TM) 64-Bit Server VM (25.111-b14 mixed mode windows-amd64 compressed oops)
# Failed to write core dump. Minidumps are not enabled by default on client versions of Windows
#

---------------  T H R E A D  ---------------

Current thread (0x0000000002de1000):  JavaThread "Unknown thread" [_thread_in_vm, id=18180, stack(0x0000000002bf0000,0x0000000002cf0000)]

Stack: [0x0000000002bf0000,0x0000000002cf0000]
[error occurred during error reporting (printing stack bounds), id 0xc0000005]

Native frames: (J=compiled Java code, j=interpreted, Vv=VM code, C=native code)


---------------  P R O C E S S  ---------------

Java Threads: ( => current thread )

Other Threads:

=>0x0000000002de1000 (exited) JavaThread "Unknown thread" [_thread_in_vm, id=18180, stack(0x0000000002bf0000,0x0000000002cf0000)]

VM state:not at safepoint (normal execution)

VM Mutex/Monitor currently owned by a thread: None

Heap:
 PSYoungGen      total 17920K, used 307K [0x00000000ec380000, 0x00000000ed780000, 0x0000000100000000)
  eden space 15360K, 2% used [0x00000000ec380000,0x00000000ec3cccd8,0x00000000ed280000)
  from space 2560K, 0% used [0x00000000ed500000,0x00000000ed500000,0x00000000ed780000)
  to   space 2560K, 0% used [0x00000000ed280000,0x00000000ed280000,0x00000000ed500000)
 ParOldGen       total 40960K, used 0K [0x00000000c4a00000, 0x00000000c7200000, 0x00000000ec380000)
  object space 40960K, 0% used [0x00000000c4a00000,0x00000000c4a00000,0x00000000c7200000)
 Metaspace       used 770K, capacity 4480K, committed 4480K, reserved 1056768K
  class space    used 75K, capacity 384K, committed 384K, reserved 1048576K

Card table byte_map: [0x00000000122a0000,0x0000000012480000] byte_map_base: 0x0000000011c7b000

Marking Bits: (ParMarkBitMap*) 0x000000006b56a6c0
 Begin Bits: [0x00000000129c0000, 0x0000000013898000)
 End Bits:   [0x0000000013898000, 0x0000000014770000)

Polling page: 0x0000000001430000

CodeCache: size=245760Kb used=328Kb max_used=328Kb free=245431Kb
 bounds [0x0000000002ee0000, 0x0000000003150000, 0x0000000011ee0000]
 total_blobs=58 nmethods=0 adapters=38
 compilation: enabled

Compilation events (0 events):
No events

GC Heap History (0 events):
No events

Deoptimization events (0 events):
No events

Internal exceptions (0 events):
No events

Events (10 events):
Event: 0.037 loading class java/lang/Short
Event: 0.037 loading class java/lang/Short done
Event: 0.037 loading class java/lang/Integer
Event: 0.037 loading class java/lang/Integer done
Event: 0.037 loading class java/lang/Long
Event: 0.037 loading class java/lang/Long done
Event: 0.038 loading class java/lang/NullPointerException
Event: 0.038 loading class java/lang/NullPointerException done
Event: 0.038 loading class java/lang/ArithmeticException
Event: 0.038 loading class java/lang/ArithmeticException done


Dynamic libraries:
0x00007ff65d610000 - 0x00007ff65d647000 	C:\Program Files\Java\jdk1.8.0_111\bin\java.exe
0x00007ffbb85c0000 - 0x00007ffbb87b0000 	C:\WINDOWS\SYSTEM32\ntdll.dll
0x00007ffbb7f90000 - 0x00007ffbb8042000 	C:\WINDOWS\System32\KERNEL32.DLL
0x00007ffbb5f50000 - 0x00007ffbb61f3000 	C:\WINDOWS\System32\KERNELBASE.dll
0x00007ffbb7ed0000 - 0x00007ffbb7f73000 	C:\WINDOWS\System32\ADVAPI32.dll
0x00007ffbb6d40000 - 0x00007ffbb6dde000 	C:\WINDOWS\System32\msvcrt.dll
0x00007ffbb7e30000 - 0x00007ffbb7ec7000 	C:\WINDOWS\System32\sechost.dll
0x00007ffbb83b0000 - 0x00007ffbb84d0000 	C:\WINDOWS\System32\RPCRT4.dll
0x00007ffbb6680000 - 0x00007ffbb6813000 	C:\WINDOWS\System32\USER32.dll
0x00007ffbb6650000 - 0x00007ffbb6671000 	C:\WINDOWS\System32\win32u.dll
0x00007ffbb70a0000 - 0x00007ffbb70c6000 	C:\WINDOWS\System32\GDI32.dll
0x00007ffbb6390000 - 0x00007ffbb6524000 	C:\WINDOWS\System32\gdi32full.dll
0x00007ffbb6530000 - 0x00007ffbb65ce000 	C:\WINDOWS\System32\msvcp_win.dll
0x00007ffbb6200000 - 0x00007ffbb62fa000 	C:\WINDOWS\System32\ucrtbase.dll
0x00007ffba9de0000 - 0x00007ffbaa065000 	C:\WINDOWS\WinSxS\amd64_microsoft.windows.common-controls_6595b64144ccf1df_6.0.18362.207_none_e6c5ae95130e4267\COMCTL32.dll
0x00007ffbb6830000 - 0x00007ffbb6b66000 	C:\WINDOWS\System32\combase.dll
0x00007ffbb6300000 - 0x00007ffbb6381000 	C:\WINDOWS\System32\bcryptPrimitives.dll
0x00007ffbb6de0000 - 0x00007ffbb6e0e000 	C:\WINDOWS\System32\IMM32.DLL
0x000000006ac70000 - 0x000000006ad42000 	C:\Program Files\Java\jdk1.8.0_111\jre\bin\msvcr100.dll
0x000000006ad50000 - 0x000000006b5ea000 	C:\Program Files\Java\jdk1.8.0_111\jre\bin\server\jvm.dll
0x00007ffbb6bd0000 - 0x00007ffbb6bd8000 	C:\WINDOWS\System32\PSAPI.DLL
0x00007ffbb1ff0000 - 0x00007ffbb2014000 	C:\WINDOWS\SYSTEM32\WINMM.dll
0x00007ffbb1a60000 - 0x00007ffbb1a6a000 	C:\WINDOWS\SYSTEM32\VERSION.dll
0x00007ffbb2030000 - 0x00007ffbb2039000 	C:\WINDOWS\SYSTEM32\WSOCK32.dll
0x00007ffbb70d0000 - 0x00007ffbb713f000 	C:\WINDOWS\System32\WS2_32.dll
0x00007ffbb1fc0000 - 0x00007ffbb1fed000 	C:\WINDOWS\SYSTEM32\winmmbase.dll
0x00007ffbb6600000 - 0x00007ffbb664a000 	C:\WINDOWS\System32\cfgmgr32.dll
0x000000006ac20000 - 0x000000006ac2f000 	C:\Program Files\Java\jdk1.8.0_111\jre\bin\verify.dll
0x000000006abf0000 - 0x000000006ac19000 	C:\Program Files\Java\jdk1.8.0_111\jre\bin\java.dll
0x000000006abd0000 - 0x000000006abe6000 	C:\Program Files\Java\jdk1.8.0_111\jre\bin\zip.dll

VM Arguments:
jvm_args: -Dfile.encoding=UTF-8 
java_command: lk.ijse.dinamore.view.ReceptionForm
java_class_path (initial): C:\Program Files\NetBeans 8.2\java\modules\ext\AbsoluteLayout.jar;D:\working with java\Dinamore_Common1\build\classes;C:\Users\Ravindu\Desktop\lib\jcalendar-1.4.jar;D:\working with java\Dinamore_Client1\build\classes
Launcher Type: SUN_STANDARD

Environment Variables:
PATH=C:\ProgramData\Oracle\Java\javapath;C:\WINDOWS\system32;C:\WINDOWS;C:\WINDOWS\System32\Wbem;C:\WINDOWS\System32\WindowsPowerShell\v1.0\;C:\Program Files\Java\jdk1.8.0_111\bin;C:\WINDOWS\System32\OpenSSH\;C:\Program Files\MySQL\MySQL Server 8.0\bin;C:\Program Files\Git\cmd;C:\Program Files\nodejs\;C:\Users\Ravindu\AppData\Local\Microsoft\WindowsApps;;C:\Users\Ravindu\AppData\Local\Programs\Microsoft VS Code\bin;C:\Users\Ravindu\AppData\Roaming\npm;C:\Program Files\Microsoft Office\root\Client
USERNAME=Ravindu
OS=Windows_NT
PROCESSOR_IDENTIFIER=Intel64 Family 6 Model 58 Stepping 9, GenuineIntel



---------------  S Y S T E M  ---------------

OS: Windows 10.0 , 64 bit Build 18362 (10.0.18362.86)

CPU:total 4 (2 cores per cpu, 2 threads per core) family 6 model 58 stepping 9, cmov, cx8, fxsr, mmx, sse, sse2, sse3, ssse3, sse4.1, sse4.2, popcnt, avx, aes, clmul, erms, ht, tsc, tscinvbit, tscinv

Memory: 4k page, physical 3883812k(427644k free), swap 13958976k(5824k free)

vm_info: Java HotSpot(TM) 64-Bit Server VM (25.111-b14) for windows-amd64 JRE (1.8.0_111-b14), built on Sep 22 2016 19:24:05 by "java_re" with MS VC++ 10.0 (VS2010)

time: Mon Aug 05 17:04:04 2019
elapsed time: 0 seconds (0d 0h 0m 0s)

